[GIN-debug] [WARNING] Creating an Engine instance with the Logger and Recovery middleware already attached.

[GIN-debug] [WARNING] Running in "debug" mode. Switch to "release" mode in production.
 - using env:	export GIN_MODE=release
 - using code:	gin.SetMode(gin.ReleaseMode)

[GIN-debug] GET    /:id                      --> main.Config (3 handlers)
[GIN-debug] GET    /                         --> main.Configs (3 handlers)
[GIN-debug] GET    /live                     --> main.Liveness (3 handlers)
[GIN-debug] GET    /ready                    --> main.Readiness (3 handlers)
[GIN-debug] GET    /openapi                  --> main.main.func2 (3 handlers)
[GIN-debug] GET    /openapi/*any             --> github.com/swaggo/gin-swagger.CustomWrapHandler.func1 (3 handlers)
[GIN-debug] [WARNING] You trusted all proxies, this is NOT safe. We recommend you to set a value.
Please check https://pkg.go.dev/github.com/gin-gonic/gin#readme-don-t-trust-all-proxies for details.
[GIN-debug] Listening and serving HTTP on :30000
[GIN-debug] [WARNING] Creating an Engine instance with the Logger and Recovery middleware already attached.

[GIN-debug] [WARNING] Running in "debug" mode. Switch to "release" mode in production.
 - using env:	export GIN_MODE=release
 - using code:	gin.SetMode(gin.ReleaseMode)

[GIN-debug] GET    /:id                      --> main.Config (3 handlers)
[GIN-debug] GET    /                         --> main.Configs (3 handlers)
[GIN-debug] GET    /live                     --> main.Liveness (3 handlers)
[GIN-debug] GET    /ready                    --> main.Readiness (3 handlers)
[GIN-debug] GET    /openapi                  --> main.main.func2 (3 handlers)
[GIN-debug] GET    /openapi/*any             --> github.com/swaggo/gin-swagger.CustomWrapHandler.func1 (3 handlers)
[GIN-debug] [WARNING] You trusted all proxies, this is NOT safe. We recommend you to set a value.
Please check https://pkg.go.dev/github.com/gin-gonic/gin#readme-don-t-trust-all-proxies for details.
[GIN-debug] Listening and serving HTTP on :30000
[GIN] 2023/01/03 - 21:36:04 | 200 |    1.236525ms |   89.142.102.55 | GET      "/"
[GIN] 2023/01/03 - 21:36:07 | 200 |      100.17µs |   89.142.102.55 | GET      "/"
